<?xml version="1.0" encoding="UTF-8"?>
<!-- Generated by org.testng.reporters.JUnitXMLReporter -->
<testsuite ignored="1" hostname="SumathiLaptop" failures="0" tests="1" name="Default test" time="3.039" errors="0" timestamp="2024-12-05T20:59:43 CST">
  <testcase classname="window_handling.GmailLoginTest" name="setup" time="3.015"/>
  <testcase classname="window_handling.GmailLoginTest" name="loginToGmail" time="0.0">
    <ignored/>
  </testcase> <!-- loginToGmail -->
</testsuite> <!-- Default test -->
