<?xml version="1.0" encoding="UTF-8"?>
<!-- Generated by org.testng.reporters.JUnitXMLReporter -->
<testsuite ignored="2" hostname="SumathiLaptop" failures="0" tests="3" name="Test" time="0.04" errors="0" timestamp="2024-12-04T10:54:34 CST">
  <testcase classname="TestSuite.Module1" name="test002" time="0.009"/>
  <testcase classname="TestSuite.Module2" name="test001" time="0.002"/>
  <testcase classname="TestSuite.Module2" name="test005" time="0.001"/>
  <testcase classname="TestSuite.Module1" name="test001" time="0.0">
    <ignored/>
  </testcase> <!-- test001 -->
  <testcase classname="TestSuite.Module2" name="test004" time="0.0">
    <ignored/>
  </testcase> <!-- test004 -->
</testsuite> <!-- Test -->
